<?xml version="1.0" encoding="UTF-8"?>
<!-- Generated by org.testng.reporters.JUnitReportReporter -->
<testsuite hostname="LAPTOP-I5ELMQTN" failures="0" tests="1" name="com.amazon.tests.AmazonTest" time="48.792" errors="0" timestamp="2025-02-25T16:16:33 EST" skipped="0">
  <testcase classname="com.amazon.tests.AmazonTest" name="searchProduct" time="48.792"/>
</testsuite> <!-- com.amazon.tests.AmazonTest -->
